  bloqueio.cpp
C:\Users\rhays\source\repos\classroom monitoring\bloqueio.cpp(25,17): warning C4566: caractere representado por nome de caractere universal (UCN) '\u274C' não pode ser representado na página de código atual (1252)
C:\Program Files\Microsoft Visual Studio\2022\Community\VC\Tools\MSVC\14.44.35207\include\xutility(4813,18): warning C4244: '=': conversão de 'wchar_t' para 'char', possível perda de dados
  (compilando o arquivo fonte 'bloqueio.cpp')
      C:\Program Files\Microsoft Visual Studio\2022\Community\VC\Tools\MSVC\14.44.35207\include\xutility(4813,18):
      o contexto de instanciação do modelo (o mais antigo primeiro) é
          C:\Users\rhays\source\repos\classroom monitoring\bloqueio.cpp(39,24):
          consulte a referência à instanciação 'std::basic_string<char,std::char_traits<char>,std::allocator<char>>::basic_string<std::_String_iterator<std::_String_val<std::_Simple_types<_Elem>>>,0>(_Iter,_Iter,const _Alloc &)' do modelo que está sendo compilada
          with
          [
              _Elem=wchar_t,
              _Iter=std::_String_iterator<std::_String_val<std::_Simple_types<wchar_t>>>,
              _Alloc=std::allocator<char>
          ]
              C:\Users\rhays\source\repos\classroom monitoring\bloqueio.cpp(39,24):
              veja a primeira referência a 'std::basic_string<char,std::char_traits<char>,std::allocator<char>>::basic_string' em 'verificarEBloquear'
          C:\Program Files\Microsoft Visual Studio\2022\Community\VC\Tools\MSVC\14.44.35207\include\xstring(812,17):
          consulte a referência à instanciação 'void std::basic_string<char,std::char_traits<char>,std::allocator<char>>::_Construct_from_iter<wchar_t*,wchar_t*,_Size_type>(_Iter,const _Sent,_Size)' do modelo que está sendo compilada
          with
          [
              _Size_type=unsigned __int64,
              _Iter=wchar_t *,
              _Sent=wchar_t *,
              _Size=unsigned __int64
          ]
          C:\Program Files\Microsoft Visual Studio\2022\Community\VC\Tools\MSVC\14.44.35207\include\xstring(968,18):
          consulte a referência à instanciação '_OutIt *std::_Copy_n_unchecked4<wchar_t*,_Size,char*>(_InIt,_SizeTy,_OutIt)' do modelo que está sendo compilada
          with
          [
              _OutIt=char *,
              _Size=unsigned __int64,
              _InIt=wchar_t *,
              _SizeTy=unsigned __int64
          ]
  
  classroom monitoring.vcxproj -> C:\Users\rhays\source\repos\classroom monitoring\x64\Debug\classroom monitoring.exe
